MyApplication/app/build/intermediates/manifest_merge_blame_file/debug/manifest-merger-blame-debug-report.txt
1<?xml version="1.0" encoding="utf-8"?>
2<manifest xmlns:android="http://schemas.android.com/apk/res/android"
3    package="com.mc2023.template"
4    android:versionCode="1"
5    android:versionName="1.0" >
6
7    <uses-sdk
8        android:minSdkVersion="21"
8-->src\main\AndroidManifest.xml
9        android:targetSdkVersion="33" />
9-->src\main\AndroidManifest.xml
10
11    <uses-permission android:name="android.permission.ACCESS_NETWORK_STATE" />
11-->src\main\AndroidManifest.xml:5:5-79
11-->src\main\AndroidManifest.xml:5:22-76
12    <uses-permission android:name="android.permission.INTERNET" />
12-->src\main\AndroidManifest.xml:6:5-67
12-->src\main\AndroidManifest.xml:6:22-64
13
14    <application
14-->src\main\AndroidManifest.xml:8:5-28:19
15        android:allowBackup="true"
15-->src\main\AndroidManifest.xml:9:9-35
16        android:appComponentFactory="androidx.core.app.CoreComponentFactory"
16-->[androidx.core:core:1.7.0] AndroidManifest.xml:24:18-86
17        android:dataExtractionRules="@xml/data_extraction_rules"
17-->src\main\AndroidManifest.xml:10:9-65
18        android:debuggable="true"
19        android:fullBackupContent="@xml/backup_rules"
19-->src\main\AndroidManifest.xml:11:9-54
20        android:icon="@mipmap/ic_launcher"
20-->src\main\AndroidManifest.xml:12:9-43
21        android:label="@string/app_name"
21-->src\main\AndroidManifest.xml:13:9-41
22        android:supportsRtl="true"
22-->src\main\AndroidManifest.xml:14:9-35
23        android:theme="@style/Theme.MyApplication" >
23-->src\main\AndroidManifest.xml:15:9-51
24        <activity android:name="com.mc2023.template.Recycler_class" />
24-->src\main\AndroidManifest.xml:17:9-52
24-->src\main\AndroidManifest.xml:17:19-49
25        <activity android:name="com.mc2023.template.DictionaryClass" />
25-->src\main\AndroidManifest.xml:18:9-53
25-->src\main\AndroidManifest.xml:18:19-50
26        <activity
26-->src\main\AndroidManifest.xml:19:9-27:20
27            android:name="com.mc2023.template.MainActivity"
27-->src\main\AndroidManifest.xml:20:13-41
28            android:exported="true" >
28-->src\main\AndroidManifest.xml:21:13-36
29            <intent-filter>
29-->src\main\AndroidManifest.xml:22:13-26:29
30                <action android:name="android.intent.action.MAIN" />
30-->src\main\AndroidManifest.xml:23:17-69
30-->src\main\AndroidManifest.xml:23:25-66
31
32                <category android:name="android.intent.category.LAUNCHER" />
32-->src\main\AndroidManifest.xml:25:17-77
32-->src\main\AndroidManifest.xml:25:27-74
33            </intent-filter>
34        </activity>
35
36        <provider
36-->[androidx.emoji2:emoji2:1.0.0] AndroidManifest.xml:26:9-34:20
37            android:name="androidx.startup.InitializationProvider"
37-->[androidx.emoji2:emoji2:1.0.0] AndroidManifest.xml:27:13-67
38            android:authorities="com.mc2023.template.androidx-startup"
38-->[androidx.emoji2:emoji2:1.0.0] AndroidManifest.xml:28:13-68
39            android:exported="false" >
39-->[androidx.emoji2:emoji2:1.0.0] AndroidManifest.xml:29:13-37
40            <meta-data
40-->[androidx.emoji2:emoji2:1.0.0] AndroidManifest.xml:31:13-33:52
41                android:name="androidx.emoji2.text.EmojiCompatInitializer"
41-->[androidx.emoji2:emoji2:1.0.0] AndroidManifest.xml:32:17-75
42                android:value="androidx.startup" />
42-->[androidx.emoji2:emoji2:1.0.0] AndroidManifest.xml:33:17-49
43            <meta-data
43-->[androidx.lifecycle:lifecycle-process:2.4.0] AndroidManifest.xml:31:13-33:52
44                android:name="androidx.lifecycle.ProcessLifecycleInitializer"
44-->[androidx.lifecycle:lifecycle-process:2.4.0] AndroidManifest.xml:32:17-78
45                android:value="androidx.startup" />
45-->[androidx.lifecycle:lifecycle-process:2.4.0] AndroidManifest.xml:33:17-49
46        </provider>
47    </application>
48
49</manifest>